Logger:         	Automatically truncated logfile to 1048576
ContextConnector: 	Connection failed: Amp\Socket\ConnectException: Connection to tcp://mozilla.cloudflare-dns.com:443 @ tcp://[2a06:98c1:52::4]:443 failed: (Error #101) Network is unreachable; previous attempts: tcp://mozilla.cloudflare-dns.com:443 @ tcp://10.10.34.35:443 (connection timeout)tcp://mozilla.cloudflare-dns.com:443 @ tcp://[2803:f800:53::4]:443 (Error #101) in /home/amirhossein/Desktop/myProjects/karshenasi_project/telegram-analysis-back/vendor/amphp/socket/src/DnsSocketConnector.php:64
Stack trace:
#0 /home/amirhossein/Desktop/myProjects/karshenasi_project/telegram-analysis-back/vendor/danog/madelineproto/src/Stream/Transport/DefaultStream.php(76): Amp\Socket\DnsSocketConnector->connect()
#1 /home/amirhossein/Desktop/myProjects/karshenasi_project/telegram-analysis-back/vendor/danog/madelineproto/src/Stream/ConnectionContext.php(295): danog\MadelineProto\Stream\Transport\DefaultStream->connect()
#2 /home/amirhossein/Desktop/myProjects/karshenasi_project/telegram-analysis-back/vendor/danog/madelineproto/src/Stream/Common/BufferedRawStream.php(52): danog\MadelineProto\Stream\ConnectionContext->getStream()
#3 /home/amirhossein/Desktop/myProjects/karshenasi_project/telegram-analysis-back/vendor/danog/madelineproto/src/Stream/ConnectionContext.php(295): danog\MadelineProto\Stream\Common\BufferedRawStream->connect()
#4 /home/amirhossein/Desktop/myProjects/karshenasi_project/telegram-analysis-back/vendor/danog/madelineproto/src/ContextConnector.php(49): danog\MadelineProto\Stream\ConnectionContext->getStream()
#5 /home/amirhossein/Desktop/myProjects/karshenasi_project/telegram-analysis-back/vendor/amphp/http-client/src/Connection/DefaultConnectionFactory.php(103): danog\MadelineProto\ContextConnector->connect()
#6 /home/amirhossein/Desktop/myProjects/karshenasi_project/telegram-analysis-back/vendor/amphp/amp/src/functions.php(34): Amp\Http\Client\Connection\DefaultConnectionFactory->create()
#7 /home/amirhossein/Desktop/myProjects/karshenasi_project/telegram-analysis-back/vendor/revolt/event-loop/src/EventLoop/Internal/AbstractDriver.php(406): Amp\{closure}()
#8 /home/amirhossein/Desktop/myProjects/karshenasi_project/telegram-analysis-back/vendor/revolt/event-loop/src/EventLoop/Internal/AbstractDriver.php(542): Revolt\EventLoop\Internal\AbstractDriver->invokeMicrotasks()
#9 [internal function]: Revolt\EventLoop\Internal\AbstractDriver->Revolt\EventLoop\Internal\{closure}()
#10 /home/amirhossein/Desktop/myProjects/karshenasi_project/telegram-analysis-back/vendor/revolt/event-loop/src/EventLoop/Internal/AbstractDriver.php(406): Fiber->throw()
#11 /home/amirhossein/Desktop/myProjects/karshenasi_project/telegram-analysis-back/vendor/revolt/event-loop/src/EventLoop/Internal/AbstractDriver.php(596): Revolt\EventLoop\Internal\AbstractDriver->invokeMicrotasks()
#12 [internal function]: Revolt\EventLoop\Internal\AbstractDriver->Revolt\EventLoop\Internal\{closure}()
#13 /home/amirhossein/Desktop/myProjects/karshenasi_project/telegram-analysis-back/vendor/revolt/event-loop/src/EventLoop/Internal/AbstractDriver.php(478): Fiber->resume()
#14 /home/amirhossein/Desktop/myProjects/karshenasi_project/telegram-analysis-back/vendor/revolt/event-loop/src/EventLoop/Internal/AbstractDriver.php(533): Revolt\EventLoop\Internal\AbstractDriver->invokeCallbacks()
#15 [internal function]: Revolt\EventLoop\Internal\AbstractDriver->Revolt\EventLoop\Internal\{closure}()
#16 /home/amirhossein/Desktop/myProjects/karshenasi_project/telegram-analysis-back/vendor/revolt/event-loop/src/EventLoop/Internal/AbstractDriver.php(86): Fiber->resume()
#17 /home/amirhossein/Desktop/myProjects/karshenasi_project/telegram-analysis-back/vendor/revolt/event-loop/src/EventLoop/Internal/DriverSuspension.php(97): Revolt\EventLoop\Internal\AbstractDriver->Revolt\EventLoop\Internal\{closure}()
#18 /home/amirhossein/Desktop/myProjects/karshenasi_project/telegram-analysis-back/vendor/amphp/amp/src/Future.php(251): Revolt\EventLoop\Internal\DriverSuspension->suspend()
#19 /home/amirhossein/Desktop/myProjects/karshenasi_project/telegram-analysis-back/vendor/danog/madelineproto/src/Ipc/Server.php(162): Amp\Future->await()
#20 /home/amirhossein/Desktop/myProjects/karshenasi_project/telegram-analysis-back/vendor/danog/madelineproto/src/Ipc/Runner/entry.php(117): danog\MadelineProto\Ipc\Server::waitShutdown()
#21 /home/amirhossein/Desktop/myProjects/karshenasi_project/telegram-analysis-back/vendor/danog/madelineproto/src/Ipc/Runner/entry.php(147): {closure}()
#22 {main}
Exception:      	Could not connect to URI tcp://mozilla.cloudflare-dns.com:443 in ContextConnector.php:59
DataCenter:     	Connection failed (4): All query attempts failed for vesta.web.telegram.org: Could not connect to URI tcp://mozilla.cloudflare-dns.com:443, Could not connect to URI tcp://mozilla.cloudflare-dns.com:443
DataCenter:     	Reconnecting to DC 4 (0) from existing
DataCenterConnection: 	Trying shared connection via tcp://vesta.web.telegram.org:443/apiw1 main DC 4, via ipv4 using HttpsStream => BufferedRawStream => DefaultStream (0)
Connection:     	Connecting to DC 4.0
DataCenter:     	Connection failed (-2): Connection to tcp://venus-1.web.telegram.org:80/apiw1 @ tcp://[2001:67c:4e8:f004::9]:80 failed: (Error #101) Network is unreachable; previous attempts: tcp://venus-1.web.telegram.org:80/apiw1 @ tcp://10.10.34.35:80 (connection timeout)
DataCenter:     	Reconnecting to DC -2 (1) from existing
DataCenterConnection: 	Trying shared connection via tcp://venus-1.web.telegram.org:88/apiw1 main DC -2, via ipv6 using HttpsStream => BufferedRawStream => DefaultStream (1)
Connection:     	Connecting to DC -2.1
DataCenter:     	Connection failed (-2): Connection to tcp://venus-1.web.telegram.org:80/apiw1 @ tcp://[2001:67c:4e8:f004::9]:80 failed: (Error #101) Network is unreachable; previous attempts: tcp://venus-1.web.telegram.org:80/apiw1 @ tcp://10.10.34.35:80 (connection timeout)
DataCenter:     	Reconnecting to DC -2 (2) from existing
DataCenterConnection: 	Trying shared connection via tcp://venus-1.web.telegram.org:88/apiw1 main DC -2, via ipv6 using HttpsStream => BufferedRawStream => DefaultStream (2)
Connection:     	Connecting to DC -2.2
DataCenter:     	Connection failed (-2): Connection to tcp://venus-1.web.telegram.org:80/apiw1 @ tcp://[2001:67c:4e8:f004::9]:80 failed: (Error #101) Network is unreachable; previous attempts: tcp://venus-1.web.telegram.org:80/apiw1 @ tcp://10.10.34.35:80 (connection timeout)
DataCenter:     	Reconnecting to DC -2 (8) from existing
DataCenterConnection: 	Trying shared connection via tcp://venus-1.web.telegram.org:88/apiw1 main DC -2, via ipv6 using HttpsStream => BufferedRawStream => DefaultStream (8)
Connection:     	Connecting to DC -2.8
DataCenter:     	Connection failed (-2): Connection to tcp://venus-1.web.telegram.org:80/apiw1 @ tcp://[2001:67c:4e8:f004::9]:80 failed: (Error #101) Network is unreachable; previous attempts: tcp://venus-1.web.telegram.org:80/apiw1 @ tcp://10.10.34.35:80 (connection timeout)
DataCenter:     	Reconnecting to DC -2 (4) from existing
DataCenterConnection: 	Trying shared connection via tcp://venus-1.web.telegram.org:88/apiw1 main DC -2, via ipv6 using HttpsStream => BufferedRawStream => DefaultStream (4)
Connection:     	Connecting to DC -2.4
DataCenter:     	Connection failed (-2): Connection to tcp://venus-1.web.telegram.org:80/apiw1 @ tcp://[2001:67c:4e8:f004::9]:80 failed: (Error #101) Network is unreachable; previous attempts: tcp://venus-1.web.telegram.org:80/apiw1 @ tcp://10.10.34.35:80 (connection timeout)
DataCenter:     	Reconnecting to DC -2 (9) from existing
DataCenterConnection: 	Trying shared connection via tcp://venus-1.web.telegram.org:88/apiw1 main DC -2, via ipv6 using HttpsStream => BufferedRawStream => DefaultStream (9)
Connection:     	Connecting to DC -2.9
DataCenter:     	Connection failed (-2): Connection to tcp://venus-1.web.telegram.org:80/apiw1 @ tcp://[2001:67c:4e8:f004::9]:80 failed: (Error #101) Network is unreachable; previous attempts: tcp://venus-1.web.telegram.org:80/apiw1 @ tcp://10.10.34.35:80 (connection timeout)
DataCenter:     	Reconnecting to DC -2 (3) from existing
DataCenterConnection: 	Trying shared connection via tcp://venus-1.web.telegram.org:88/apiw1 main DC -2, via ipv6 using HttpsStream => BufferedRawStream => DefaultStream (3)
Connection:     	Connecting to DC -2.3
DataCenter:     	Connection failed (-2): Connection to tcp://venus-1.web.telegram.org:80/apiw1 @ tcp://[2001:67c:4e8:f004::9]:80 failed: (Error #101) Network is unreachable; previous attempts: tcp://venus-1.web.telegram.org:80/apiw1 @ tcp://10.10.34.35:80 (connection timeout)
DataCenter:     	Reconnecting to DC -2 (0) from existing
DataCenterConnection: 	Trying shared connection via tcp://venus-1.web.telegram.org:88/apiw1 main DC -2, via ipv6 using HttpsStream => BufferedRawStream => DefaultStream (0)
Connection:     	Connecting to DC -2.0
DataCenter:     	Connection failed (-2): Connection to tcp://venus-1.web.telegram.org:80/apiw1 @ tcp://[2001:67c:4e8:f004::9]:80 failed: (Error #101) Network is unreachable; previous attempts: tcp://venus-1.web.telegram.org:80/apiw1 @ tcp://10.10.34.35:80 (connection timeout)
DataCenter:     	Reconnecting to DC -2 (10) from existing
DataCenterConnection: 	Trying shared connection via tcp://venus-1.web.telegram.org:88/apiw1 main DC -2, via ipv6 using HttpsStream => BufferedRawStream => DefaultStream (10)
Connection:     	Connecting to DC -2.10
DataCenter:     	Connection failed (-2): Connection to tcp://venus-1.web.telegram.org:80/apiw1 @ tcp://[2001:67c:4e8:f004::9]:80 failed: (Error #101) Network is unreachable; previous attempts: tcp://venus-1.web.telegram.org:80/apiw1 @ tcp://10.10.34.35:80 (connection timeout)
DataCenter:     	Reconnecting to DC -2 (5) from existing
DataCenterConnection: 	Trying shared connection via tcp://venus-1.web.telegram.org:88/apiw1 main DC -2, via ipv6 using HttpsStream => BufferedRawStream => DefaultStream (5)
Connection:     	Connecting to DC -2.5
DataCenter:     	Connection failed (-2): Connection to tcp://venus-1.web.telegram.org:80/apiw1 @ tcp://[2001:67c:4e8:f004::9]:80 failed: (Error #101) Network is unreachable; previous attempts: tcp://venus-1.web.telegram.org:80/apiw1 @ tcp://10.10.34.35:80 (connection timeout)
DataCenter:     	Reconnecting to DC -2 (6) from existing
DataCenterConnection: 	Trying shared connection via tcp://venus-1.web.telegram.org:88/apiw1 main DC -2, via ipv6 using HttpsStream => BufferedRawStream => DefaultStream (6)
Connection:     	Connecting to DC -2.6
DataCenter:     	Connection failed (-2): Connection to tcp://venus-1.web.telegram.org:80/apiw1 @ tcp://[2001:67c:4e8:f004::9]:80 failed: (Error #101) Network is unreachable; previous attempts: tcp://venus-1.web.telegram.org:80/apiw1 @ tcp://10.10.34.35:80 (connection timeout)
DataCenter:     	Reconnecting to DC -2 (7) from existing
DataCenterConnection: 	Trying shared connection via tcp://venus-1.web.telegram.org:88/apiw1 main DC -2, via ipv6 using HttpsStream => BufferedRawStream => DefaultStream (7)
Connection:     	Connecting to DC -2.7
DataCenter:     	Connection failed (-2): Connection to tcp://venus-1.web.telegram.org:88/apiw1 @ tcp://[2001:67c:4e8:f004::9]:88 failed: (Error #101) Network is unreachable; previous attempts: tcp://venus-1.web.telegram.org:88/apiw1 @ tcp://10.10.34.35:88 (connection timeout)
DataCenter:     	Reconnecting to DC -2 (1) from existing
DataCenterConnection: 	Trying shared connection via tcp://venus-1.web.telegram.org:5222/apiw1 main DC -2, via ipv6 using HttpsStream => BufferedRawStream => DefaultStream (1)
Connection:     	Connecting to DC -2.1
DataCenter:     	Connection failed (-2): Connection to tcp://venus-1.web.telegram.org:88/apiw1 @ tcp://[2001:67c:4e8:f004::9]:88 failed: (Error #101) Network is unreachable; previous attempts: tcp://venus-1.web.telegram.org:88/apiw1 @ tcp://10.10.34.35:88 (connection timeout)
DataCenter:     	Reconnecting to DC -2 (2) from existing
DataCenterConnection: 	Trying shared connection via tcp://venus-1.web.telegram.org:5222/apiw1 main DC -2, via ipv6 using HttpsStream => BufferedRawStream => DefaultStream (2)
Connection:     	Connecting to DC -2.2
DataCenter:     	Connection failed (-2): Connection to tcp://venus-1.web.telegram.org:88/apiw1 @ tcp://[2001:67c:4e8:f004::9]:88 failed: (Error #101) Network is unreachable; previous attempts: tcp://venus-1.web.telegram.org:88/apiw1 @ tcp://10.10.34.35:88 (connection timeout)
DataCenter:     	Reconnecting to DC -2 (8) from existing
DataCenterConnection: 	Trying shared connection via tcp://venus-1.web.telegram.org:5222/apiw1 main DC -2, via ipv6 using HttpsStream => BufferedRawStream => DefaultStream (8)
Connection:     	Connecting to DC -2.8
DataCenter:     	Connection failed (-2): Connection to tcp://venus-1.web.telegram.org:88/apiw1 @ tcp://[2001:67c:4e8:f004::9]:88 failed: (Error #101) Network is unreachable; previous attempts: tcp://venus-1.web.telegram.org:88/apiw1 @ tcp://10.10.34.35:88 (connection timeout)
DataCenter:     	Reconnecting to DC -2 (4) from existing
DataCenterConnection: 	Trying shared connection via tcp://venus-1.web.telegram.org:5222/apiw1 main DC -2, via ipv6 using HttpsStream => BufferedRawStream => DefaultStream (4)
Connection:     	Connecting to DC -2.4
DataCenter:     	Connection failed (-2): Connection to tcp://venus-1.web.telegram.org:88/apiw1 @ tcp://[2001:67c:4e8:f004::9]:88 failed: (Error #101) Network is unreachable; previous attempts: tcp://venus-1.web.telegram.org:88/apiw1 @ tcp://10.10.34.35:88 (connection timeout)
DataCenter:     	Reconnecting to DC -2 (9) from existing
DataCenterConnection: 	Trying shared connection via tcp://venus-1.web.telegram.org:5222/apiw1 main DC -2, via ipv6 using HttpsStream => BufferedRawStream => DefaultStream (9)
Connection:     	Connecting to DC -2.9
DataCenter:     	Connection failed (-2): Connection to tcp://venus-1.web.telegram.org:88/apiw1 @ tcp://[2001:67c:4e8:f004::9]:88 failed: (Error #101) Network is unreachable; previous attempts: tcp://venus-1.web.telegram.org:88/apiw1 @ tcp://10.10.34.35:88 (connection timeout)
DataCenter:     	Reconnecting to DC -2 (3) from existing
DataCenterConnection: 	Trying shared connection via tcp://venus-1.web.telegram.org:5222/apiw1 main DC -2, via ipv6 using HttpsStream => BufferedRawStream => DefaultStream (3)
Connection:     	Connecting to DC -2.3
DataCenter:     	Connection failed (-2): Connection to tcp://venus-1.web.telegram.org:88/apiw1 @ tcp://[2001:67c:4e8:f004::9]:88 failed: (Error #101) Network is unreachable; previous attempts: tcp://venus-1.web.telegram.org:88/apiw1 @ tcp://10.10.34.35:88 (connection timeout)
DataCenter:     	Reconnecting to DC -2 (0) from existing
DataCenterConnection: 	Trying shared connection via tcp://venus-1.web.telegram.org:5222/apiw1 main DC -2, via ipv6 using HttpsStream => BufferedRawStream => DefaultStream (0)
Connection:     	Connecting to DC -2.0
DataCenter:     	Connection failed (-2): Connection to tcp://venus-1.web.telegram.org:88/apiw1 @ tcp://[2001:67c:4e8:f004::9]:88 failed: (Error #101) Network is unreachable; previous attempts: tcp://venus-1.web.telegram.org:88/apiw1 @ tcp://10.10.34.35:88 (connection timeout)
DataCenter:     	Reconnecting to DC -2 (10) from existing
DataCenterConnection: 	Trying shared connection via tcp://venus-1.web.telegram.org:5222/apiw1 main DC -2, via ipv6 using HttpsStream => BufferedRawStream => DefaultStream (10)
Connection:     	Connecting to DC -2.10
DataCenter:     	Connection failed (-2): Connection to tcp://venus-1.web.telegram.org:88/apiw1 @ tcp://[2001:67c:4e8:f004::9]:88 failed: (Error #101) Network is unreachable; previous attempts: tcp://venus-1.web.telegram.org:88/apiw1 @ tcp://10.10.34.35:88 (connection timeout)
DataCenter:     	Reconnecting to DC -2 (5) from existing
DataCenterConnection: 	Trying shared connection via tcp://venus-1.web.telegram.org:5222/apiw1 main DC -2, via ipv6 using HttpsStream => BufferedRawStream => DefaultStream (5)
Connection:     	Connecting to DC -2.5
DataCenter:     	Connection failed (-2): Connection to tcp://venus-1.web.telegram.org:88/apiw1 @ tcp://[2001:67c:4e8:f004::9]:88 failed: (Error #101) Network is unreachable; previous attempts: tcp://venus-1.web.telegram.org:88/apiw1 @ tcp://10.10.34.35:88 (connection timeout)
DataCenter:     	Reconnecting to DC -2 (6) from existing
DataCenterConnection: 	Trying shared connection via tcp://venus-1.web.telegram.org:5222/apiw1 main DC -2, via ipv6 using HttpsStream => BufferedRawStream => DefaultStream (6)
Connection:     	Connecting to DC -2.6
DataCenter:     	Connection failed (-2): Connection to tcp://venus-1.web.telegram.org:88/apiw1 @ tcp://[2001:67c:4e8:f004::9]:88 failed: (Error #101) Network is unreachable; previous attempts: tcp://venus-1.web.telegram.org:88/apiw1 @ tcp://10.10.34.35:88 (connection timeout)
DataCenter:     	Reconnecting to DC -2 (7) from existing
DataCenterConnection: 	Trying shared connection via tcp://venus-1.web.telegram.org:5222/apiw1 main DC -2, via ipv6 using HttpsStream => BufferedRawStream => DefaultStream (7)
Connection:     	Connecting to DC -2.7
DataCenter:     	Connection failed (4): Connection to tcp://vesta.web.telegram.org:443/apiw1 @ tcp://[2001:67c:4e8:f004::9]:443 failed: (Error #101) Network is unreachable; previous attempts: tcp://vesta.web.telegram.org:443/apiw1 @ tcp://10.10.34.35:443 (connection timeout)
DataCenter:     	Reconnecting to DC 4 (0) from existing
DataCenterConnection: 	Trying shared connection via tcp://vesta.web.telegram.org:80/apiw1 main DC 4, via ipv4 using HttpsStream => BufferedRawStream => DefaultStream (0)
Connection:     	Connecting to DC 4.0
DataCenter:     	Connection failed (-2): Connection to tcp://venus-1.web.telegram.org:5222/apiw1 @ tcp://[2001:67c:4e8:f004::9]:5222 failed: (Error #101) Network is unreachable; previous attempts: tcp://venus-1.web.telegram.org:5222/apiw1 @ tcp://10.10.34.35:5222 (connection timeout)
Exception:      	Could not connect to DC -2 in DataCenter.php:264
entry:          	\danog\MadelineProto\Exception: Could not connect to DC -2 in /home/amirhossein/Desktop/myProjects/karshenasi_project/telegram-analysis-back/vendor/danog/madelineproto/src/DataCenter.php:264
Revision: 
TL Trace:

Connection.php(523):	dcConnect()
ReadLoop.php(63):   	reconnect()
AbstractDriver.php(406):	danog\MadelineProto\Loop\Connection\{closure}()
AbstractDriver.php(596):	invokeMicrotasks()
Revolt\EventLoop\Internal\{closure}()
AbstractDriver.php(406):	throw()
AbstractDriver.php(596):	invokeMicrotasks()
Revolt\EventLoop\Internal\{closure}()
AbstractDriver.php(478):	resume()
AbstractDriver.php(533):	invokeCallbacks()
Revolt\EventLoop\Internal\{closure}()
AbstractDriver.php(86):	resume()
DriverSuspension.php(97):	Revolt\EventLoop\Internal\{closure}()
Future.php(251):    	suspend()
Server.php(162):    	await()
entry.php(117):     	waitShutdown()
entry.php(147):     	{closure}()
DataCenter:     	Connection failed (-2): Connection to tcp://venus-1.web.telegram.org:5222/apiw1 @ tcp://[2001:67c:4e8:f004::9]:5222 failed: (Error #101) Network is unreachable; previous attempts: tcp://venus-1.web.telegram.org:5222/apiw1 @ tcp://10.10.34.35:5222 (connection timeout)
Exception:      	Could not connect to DC -2 in DataCenter.php:264
entry:          	\danog\MadelineProto\Exception: Could not connect to DC -2 in /home/amirhossein/Desktop/myProjects/karshenasi_project/telegram-analysis-back/vendor/danog/madelineproto/src/DataCenter.php:264
Revision: 
TL Trace:

Connection.php(523):	dcConnect()
ReadLoop.php(63):   	reconnect()
AbstractDriver.php(406):	danog\MadelineProto\Loop\Connection\{closure}()
AbstractDriver.php(596):	invokeMicrotasks()
Revolt\EventLoop\Internal\{closure}()
AbstractDriver.php(406):	throw()
AbstractDriver.php(596):	invokeMicrotasks()
Revolt\EventLoop\Internal\{closure}()
AbstractDriver.php(478):	resume()
AbstractDriver.php(533):	invokeCallbacks()
Revolt\EventLoop\Internal\{closure}()
AbstractDriver.php(86):	resume()
DriverSuspension.php(97):	Revolt\EventLoop\Internal\{closure}()
Future.php(251):    	suspend()
Server.php(162):    	await()
entry.php(117):     	waitShutdown()
entry.php(147):     	{closure}()
DataCenter:     	Connection failed (-2): Connection to tcp://venus-1.web.telegram.org:5222/apiw1 @ tcp://[2001:67c:4e8:f004::9]:5222 failed: (Error #101) Network is unreachable; previous attempts: tcp://venus-1.web.telegram.org:5222/apiw1 @ tcp://10.10.34.35:5222 (connection timeout)
Exception:      	Could not connect to DC -2 in DataCenter.php:264
entry:          	\danog\MadelineProto\Exception: Could not connect to DC -2 in /home/amirhossein/Desktop/myProjects/karshenasi_project/telegram-analysis-back/vendor/danog/madelineproto/src/DataCenter.php:264
Revision: 
TL Trace:

Connection.php(523):	dcConnect()
ReadLoop.php(63):   	reconnect()
AbstractDriver.php(406):	danog\MadelineProto\Loop\Connection\{closure}()
AbstractDriver.php(596):	invokeMicrotasks()
Revolt\EventLoop\Internal\{closure}()
AbstractDriver.php(406):	throw()
AbstractDriver.php(596):	invokeMicrotasks()
Revolt\EventLoop\Internal\{closure}()
AbstractDriver.php(478):	resume()
AbstractDriver.php(533):	invokeCallbacks()
Revolt\EventLoop\Internal\{closure}()
AbstractDriver.php(86):	resume()
DriverSuspension.php(97):	Revolt\EventLoop\Internal\{closure}()
Future.php(251):    	suspend()
Server.php(162):    	await()
entry.php(117):     	waitShutdown()
entry.php(147):     	{closure}()
DataCenter:     	Connection failed (-2): Connection to tcp://venus-1.web.telegram.org:5222/apiw1 @ tcp://[2001:67c:4e8:f004::9]:5222 failed: (Error #101) Network is unreachable; previous attempts: tcp://venus-1.web.telegram.org:5222/apiw1 @ tcp://10.10.34.35:5222 (connection timeout)
Exception:      	Could not connect to DC -2 in DataCenter.php:264
entry:          	\danog\MadelineProto\Exception: Could not connect to DC -2 in /home/amirhossein/Desktop/myProjects/karshenasi_project/telegram-analysis-back/vendor/danog/madelineproto/src/DataCenter.php:264
Revision: 
TL Trace:

Connection.php(523):	dcConnect()
ReadLoop.php(63):   	reconnect()
AbstractDriver.php(406):	danog\MadelineProto\Loop\Connection\{closure}()
AbstractDriver.php(596):	invokeMicrotasks()
Revolt\EventLoop\Internal\{closure}()
AbstractDriver.php(406):	throw()
AbstractDriver.php(596):	invokeMicrotasks()
Revolt\EventLoop\Internal\{closure}()
AbstractDriver.php(478):	resume()
AbstractDriver.php(533):	invokeCallbacks()
Revolt\EventLoop\Internal\{closure}()
AbstractDriver.php(86):	resume()
DriverSuspension.php(97):	Revolt\EventLoop\Internal\{closure}()
Future.php(251):    	suspend()
Server.php(162):    	await()
entry.php(117):     	waitShutdown()
entry.php(147):     	{closure}()
DataCenter:     	Connection failed (-2): Connection to tcp://venus-1.web.telegram.org:5222/apiw1 @ tcp://[2001:67c:4e8:f004::9]:5222 failed: (Error #101) Network is unreachable; previous attempts: tcp://venus-1.web.telegram.org:5222/apiw1 @ tcp://10.10.34.35:5222 (connection timeout)
Exception:      	Could not connect to DC -2 in DataCenter.php:264
entry:          	\danog\MadelineProto\Exception: Could not connect to DC -2 in /home/amirhossein/Desktop/myProjects/karshenasi_project/telegram-analysis-back/vendor/danog/madelineproto/src/DataCenter.php:264
Revision: 
TL Trace:

Connection.php(523):	dcConnect()
ReadLoop.php(63):   	reconnect()
AbstractDriver.php(406):	danog\MadelineProto\Loop\Connection\{closure}()
AbstractDriver.php(596):	invokeMicrotasks()
Revolt\EventLoop\Internal\{closure}()
AbstractDriver.php(406):	throw()
AbstractDriver.php(596):	invokeMicrotasks()
Revolt\EventLoop\Internal\{closure}()
AbstractDriver.php(478):	resume()
AbstractDriver.php(533):	invokeCallbacks()
Revolt\EventLoop\Internal\{closure}()
AbstractDriver.php(86):	resume()
DriverSuspension.php(97):	Revolt\EventLoop\Internal\{closure}()
Future.php(251):    	suspend()
Server.php(162):    	await()
entry.php(117):     	waitShutdown()
entry.php(147):     	{closure}()
DataCenter:     	Connection failed (-2): Connection to tcp://venus-1.web.telegram.org:5222/apiw1 @ tcp://[2001:67c:4e8:f004::9]:5222 failed: (Error #101) Network is unreachable; previous attempts: tcp://venus-1.web.telegram.org:5222/apiw1 @ tcp://10.10.34.35:5222 (connection timeout)
Exception:      	Could not connect to DC -2 in DataCenter.php:264
entry:          	\danog\MadelineProto\Exception: Could not connect to DC -2 in /home/amirhossein/Desktop/myProjects/karshenasi_project/telegram-analysis-back/vendor/danog/madelineproto/src/DataCenter.php:264
Revision: 
TL Trace:

Connection.php(523):	dcConnect()
ReadLoop.php(63):   	reconnect()
AbstractDriver.php(406):	danog\MadelineProto\Loop\Connection\{closure}()
AbstractDriver.php(596):	invokeMicrotasks()
Revolt\EventLoop\Internal\{closure}()
AbstractDriver.php(406):	throw()
AbstractDriver.php(596):	invokeMicrotasks()
Revolt\EventLoop\Internal\{closure}()
AbstractDriver.php(478):	resume()
AbstractDriver.php(533):	invokeCallbacks()
Revolt\EventLoop\Internal\{closure}()
AbstractDriver.php(86):	resume()
DriverSuspension.php(97):	Revolt\EventLoop\Internal\{closure}()
Future.php(251):    	suspend()
Server.php(162):    	await()
entry.php(117):     	waitShutdown()
entry.php(147):     	{closure}()
DataCenter:     	Connection failed (-2): Connection to tcp://venus-1.web.telegram.org:5222/apiw1 @ tcp://[2001:67c:4e8:f004::9]:5222 failed: (Error #101) Network is unreachable; previous attempts: tcp://venus-1.web.telegram.org:5222/apiw1 @ tcp://10.10.34.35:5222 (connection timeout)
Exception:      	Could not connect to DC -2 in DataCenter.php:264
entry:          	\danog\MadelineProto\Exception: Could not connect to DC -2 in /home/amirhossein/Desktop/myProjects/karshenasi_project/telegram-analysis-back/vendor/danog/madelineproto/src/DataCenter.php:264
Revision: 
TL Trace:

Connection.php(523):	dcConnect()
ReadLoop.php(63):   	reconnect()
AbstractDriver.php(406):	danog\MadelineProto\Loop\Connection\{closure}()
AbstractDriver.php(596):	invokeMicrotasks()
Revolt\EventLoop\Internal\{closure}()
AbstractDriver.php(406):	throw()
AbstractDriver.php(596):	invokeMicrotasks()
Revolt\EventLoop\Internal\{closure}()
AbstractDriver.php(478):	resume()
AbstractDriver.php(533):	invokeCallbacks()
Revolt\EventLoop\Internal\{closure}()
AbstractDriver.php(86):	resume()
DriverSuspension.php(97):	Revolt\EventLoop\Internal\{closure}()
Future.php(251):    	suspend()
Server.php(162):    	await()
entry.php(117):     	waitShutdown()
entry.php(147):     	{closure}()
DataCenter:     	Connection failed (-2): Connection to tcp://venus-1.web.telegram.org:5222/apiw1 @ tcp://[2001:67c:4e8:f004::9]:5222 failed: (Error #101) Network is unreachable; previous attempts: tcp://venus-1.web.telegram.org:5222/apiw1 @ tcp://10.10.34.35:5222 (connection timeout)
Exception:      	Could not connect to DC -2 in DataCenter.php:264
entry:          	\danog\MadelineProto\Exception: Could not connect to DC -2 in /home/amirhossein/Desktop/myProjects/karshenasi_project/telegram-analysis-back/vendor/danog/madelineproto/src/DataCenter.php:264
Revision: 
TL Trace:

Connection.php(523):	dcConnect()
ReadLoop.php(63):   	reconnect()
AbstractDriver.php(406):	danog\MadelineProto\Loop\Connection\{closure}()
AbstractDriver.php(596):	invokeMicrotasks()
Revolt\EventLoop\Internal\{closure}()
AbstractDriver.php(406):	throw()
AbstractDriver.php(596):	invokeMicrotasks()
Revolt\EventLoop\Internal\{closure}()
AbstractDriver.php(478):	resume()
AbstractDriver.php(533):	invokeCallbacks()
Revolt\EventLoop\Internal\{closure}()
AbstractDriver.php(86):	resume()
DriverSuspension.php(97):	Revolt\EventLoop\Internal\{closure}()
Future.php(251):    	suspend()
Server.php(162):    	await()
entry.php(117):     	waitShutdown()
entry.php(147):     	{closure}()
DataCenter:     	Connection failed (-2): Connection to tcp://venus-1.web.telegram.org:5222/apiw1 @ tcp://[2001:67c:4e8:f004::9]:5222 failed: (Error #101) Network is unreachable; previous attempts: tcp://venus-1.web.telegram.org:5222/apiw1 @ tcp://10.10.34.35:5222 (connection timeout)
Exception:      	Could not connect to DC -2 in DataCenter.php:264
entry:          	\danog\MadelineProto\Exception: Could not connect to DC -2 in /home/amirhossein/Desktop/myProjects/karshenasi_project/telegram-analysis-back/vendor/danog/madelineproto/src/DataCenter.php:264
Revision: 
TL Trace:

Connection.php(523):	dcConnect()
ReadLoop.php(63):   	reconnect()
AbstractDriver.php(406):	danog\MadelineProto\Loop\Connection\{closure}()
AbstractDriver.php(596):	invokeMicrotasks()
Revolt\EventLoop\Internal\{closure}()
AbstractDriver.php(406):	throw()
AbstractDriver.php(596):	invokeMicrotasks()
Revolt\EventLoop\Internal\{closure}()
AbstractDriver.php(478):	resume()
AbstractDriver.php(533):	invokeCallbacks()
Revolt\EventLoop\Internal\{closure}()
AbstractDriver.php(86):	resume()
DriverSuspension.php(97):	Revolt\EventLoop\Internal\{closure}()
Future.php(251):    	suspend()
Server.php(162):    	await()
entry.php(117):     	waitShutdown()
entry.php(147):     	{closure}()
DataCenter:     	Connection failed (-2): Connection to tcp://venus-1.web.telegram.org:5222/apiw1 @ tcp://[2001:67c:4e8:f004::9]:5222 failed: (Error #101) Network is unreachable; previous attempts: tcp://venus-1.web.telegram.org:5222/apiw1 @ tcp://10.10.34.35:5222 (connection timeout)
Exception:      	Could not connect to DC -2 in DataCenter.php:264
entry:          	\danog\MadelineProto\Exception: Could not connect to DC -2 in /home/amirhossein/Desktop/myProjects/karshenasi_project/telegram-analysis-back/vendor/danog/madelineproto/src/DataCenter.php:264
Revision: 
TL Trace:

Connection.php(523):	dcConnect()
ReadLoop.php(63):   	reconnect()
AbstractDriver.php(406):	danog\MadelineProto\Loop\Connection\{closure}()
AbstractDriver.php(596):	invokeMicrotasks()
Revolt\EventLoop\Internal\{closure}()
AbstractDriver.php(406):	throw()
AbstractDriver.php(596):	invokeMicrotasks()
Revolt\EventLoop\Internal\{closure}()
AbstractDriver.php(478):	resume()
AbstractDriver.php(533):	invokeCallbacks()
Revolt\EventLoop\Internal\{closure}()
AbstractDriver.php(86):	resume()
DriverSuspension.php(97):	Revolt\EventLoop\Internal\{closure}()
Future.php(251):    	suspend()
Server.php(162):    	await()
entry.php(117):     	waitShutdown()
entry.php(147):     	{closure}()
DataCenter:     	Connection failed (-2): Connection to tcp://venus-1.web.telegram.org:5222/apiw1 @ tcp://[2001:67c:4e8:f004::9]:5222 failed: (Error #101) Network is unreachable; previous attempts: tcp://venus-1.web.telegram.org:5222/apiw1 @ tcp://10.10.34.35:5222 (connection timeout)
Exception:      	Could not connect to DC -2 in DataCenter.php:264
entry:          	\danog\MadelineProto\Exception: Could not connect to DC -2 in /home/amirhossein/Desktop/myProjects/karshenasi_project/telegram-analysis-back/vendor/danog/madelineproto/src/DataCenter.php:264
Revision: 
TL Trace:

Connection.php(523):	dcConnect()
ReadLoop.php(63):   	reconnect()
AbstractDriver.php(406):	danog\MadelineProto\Loop\Connection\{closure}()
AbstractDriver.php(596):	invokeMicrotasks()
Revolt\EventLoop\Internal\{closure}()
AbstractDriver.php(406):	throw()
AbstractDriver.php(596):	invokeMicrotasks()
Revolt\EventLoop\Internal\{closure}()
AbstractDriver.php(478):	resume()
AbstractDriver.php(533):	invokeCallbacks()
Revolt\EventLoop\Internal\{closure}()
AbstractDriver.php(86):	resume()
DriverSuspension.php(97):	Revolt\EventLoop\Internal\{closure}()
Future.php(251):    	suspend()
Server.php(162):    	await()
entry.php(117):     	waitShutdown()
entry.php(147):     	{closure}()
DataCenter:     	Connection failed (4): Connection to tcp://vesta.web.telegram.org:80/apiw1 @ tcp://[2001:67c:4e8:f004::9]:80 failed: (Error #101) Network is unreachable; previous attempts: tcp://vesta.web.telegram.org:80/apiw1 @ tcp://10.10.34.35:80 (connection timeout)
DataCenter:     	Reconnecting to DC 4 (0) from existing
DataCenterConnection: 	Trying shared connection via tcp://vesta.web.telegram.org:88/apiw1 main DC 4, via ipv4 using HttpsStream => BufferedRawStream => DefaultStream (0)
Connection:     	Connecting to DC 4.0
DataCenter:     	Connection failed (4): Connection to tcp://vesta.web.telegram.org:88/apiw1 @ tcp://[2001:67c:4e8:f004::9]:88 failed: (Error #101) Network is unreachable; previous attempts: tcp://vesta.web.telegram.org:88/apiw1 @ tcp://10.10.34.35:88 (connection timeout)
DataCenter:     	Reconnecting to DC 4 (0) from existing
DataCenterConnection: 	Trying shared connection via tcp://vesta.web.telegram.org:5222/apiw1 main DC 4, via ipv4 using HttpsStream => BufferedRawStream => DefaultStream (0)
Connection:     	Connecting to DC 4.0
SessionPaths:   	Waiting for exclusive lock of /home/amirhossein/Desktop/myProjects/karshenasi_project/telegram-analysis-back/public/telegram_20.madeline/safe.php.lock...
SessionPaths:   	Got exclusive lock of /home/amirhossein/Desktop/myProjects/karshenasi_project/telegram-analysis-back/public/telegram_20.madeline/safe.php.lock...
SessionPaths:   	Waiting for exclusive lock of /home/amirhossein/Desktop/myProjects/karshenasi_project/telegram-analysis-back/public/telegram_20.madeline/lightState.php.lock...
SessionPaths:   	Got exclusive lock of /home/amirhossein/Desktop/myProjects/karshenasi_project/telegram-analysis-back/public/telegram_20.madeline/lightState.php.lock...
APIWrapper:     	Saved session!
DataCenter:     	Connection failed (4): Connection to tcp://vesta.web.telegram.org:5222/apiw1 @ tcp://[2001:67c:4e8:f004::9]:5222 failed: (Error #101) Network is unreachable; previous attempts: tcp://vesta.web.telegram.org:5222/apiw1 @ tcp://10.10.34.35:5222 (connection timeout)
DataCenter:     	Reconnecting to DC 4 (0) from existing
DataCenterConnection: 	Trying shared connection via tcp://vesta.web.telegram.org:443/apiw1 main DC 4, via ipv6 using HttpsStream => BufferedRawStream => DefaultStream (0)
Connection:     	Connecting to DC 4.0
DataCenter:     	Connection failed (4): Connection to tcp://vesta.web.telegram.org:443/apiw1 @ tcp://[2001:67c:4e8:f004::9]:443 failed: (Error #101) Network is unreachable; previous attempts: tcp://vesta.web.telegram.org:443/apiw1 @ tcp://10.10.34.35:443 (connection timeout)
DataCenter:     	Reconnecting to DC 4 (0) from existing
DataCenterConnection: 	Trying shared connection via tcp://vesta.web.telegram.org:80/apiw1 main DC 4, via ipv6 using HttpsStream => BufferedRawStream => DefaultStream (0)
Connection:     	Connecting to DC 4.0
DataCenter:     	Connection failed (4): Connection to tcp://vesta.web.telegram.org:80/apiw1 @ tcp://[2001:67c:4e8:f004::9]:80 failed: (Error #101) Network is unreachable; previous attempts: tcp://vesta.web.telegram.org:80/apiw1 @ tcp://10.10.34.35:80 (connection timeout)
DataCenter:     	Reconnecting to DC 4 (0) from existing
DataCenterConnection: 	Trying shared connection via tcp://vesta.web.telegram.org:88/apiw1 main DC 4, via ipv6 using HttpsStream => BufferedRawStream => DefaultStream (0)
Connection:     	Connecting to DC 4.0
DataCenter:     	Connection failed (4): Connection to tcp://vesta.web.telegram.org:88/apiw1 @ tcp://[2001:67c:4e8:f004::9]:88 failed: (Error #101) Network is unreachable; previous attempts: tcp://vesta.web.telegram.org:88/apiw1 @ tcp://10.10.34.35:88 (connection timeout)
DataCenter:     	Reconnecting to DC 4 (0) from existing
DataCenterConnection: 	Trying shared connection via tcp://vesta.web.telegram.org:5222/apiw1 main DC 4, via ipv6 using HttpsStream => BufferedRawStream => DefaultStream (0)
Connection:     	Connecting to DC 4.0
DataCenter:     	Connection failed (4): Connection to tcp://vesta.web.telegram.org:5222/apiw1 @ tcp://[2001:67c:4e8:f004::9]:5222 failed: (Error #101) Network is unreachable; previous attempts: tcp://vesta.web.telegram.org:5222/apiw1 @ tcp://10.10.34.35:5222 (connection timeout)
Exception:      	Could not connect to DC 4 in DataCenter.php:264
entry:          	\danog\MadelineProto\Exception: Could not connect to DC 4 in /home/amirhossein/Desktop/myProjects/karshenasi_project/telegram-analysis-back/vendor/danog/madelineproto/src/DataCenter.php:264
Revision: 
TL Trace:

Connection.php(523):	dcConnect()
ReadLoop.php(63):   	reconnect()
AbstractDriver.php(406):	danog\MadelineProto\Loop\Connection\{closure}()
AbstractDriver.php(596):	invokeMicrotasks()
Revolt\EventLoop\Internal\{closure}()
AbstractDriver.php(406):	throw()
AbstractDriver.php(596):	invokeMicrotasks()
Revolt\EventLoop\Internal\{closure}()
AbstractDriver.php(478):	resume()
AbstractDriver.php(533):	invokeCallbacks()
Revolt\EventLoop\Internal\{closure}()
AbstractDriver.php(86):	resume()
DriverSuspension.php(97):	Revolt\EventLoop\Internal\{closure}()
Future.php(251):    	suspend()
Server.php(162):    	await()
entry.php(117):     	waitShutdown()
entry.php(147):     	{closure}()
SessionPaths:   	Waiting for exclusive lock of /home/amirhossein/Desktop/myProjects/karshenasi_project/telegram-analysis-back/public/telegram_20.madeline/safe.php.lock...
SessionPaths:   	Got exclusive lock of /home/amirhossein/Desktop/myProjects/karshenasi_project/telegram-analysis-back/public/telegram_20.madeline/safe.php.lock...
SessionPaths:   	Waiting for exclusive lock of /home/amirhossein/Desktop/myProjects/karshenasi_project/telegram-analysis-back/public/telegram_20.madeline/lightState.php.lock...
SessionPaths:   	Got exclusive lock of /home/amirhossein/Desktop/myProjects/karshenasi_project/telegram-analysis-back/public/telegram_20.madeline/lightState.php.lock...
APIWrapper:     	Saved session!
SessionPaths:   	Waiting for exclusive lock of /home/amirhossein/Desktop/myProjects/karshenasi_project/telegram-analysis-back/public/telegram_20.madeline/safe.php.lock...
SessionPaths:   	Got exclusive lock of /home/amirhossein/Desktop/myProjects/karshenasi_project/telegram-analysis-back/public/telegram_20.madeline/safe.php.lock...
SessionPaths:   	Waiting for exclusive lock of /home/amirhossein/Desktop/myProjects/karshenasi_project/telegram-analysis-back/public/telegram_20.madeline/lightState.php.lock...
SessionPaths:   	Got exclusive lock of /home/amirhossein/Desktop/myProjects/karshenasi_project/telegram-analysis-back/public/telegram_20.madeline/lightState.php.lock...
APIWrapper:     	Saved session!
SessionPaths:   	Waiting for exclusive lock of /home/amirhossein/Desktop/myProjects/karshenasi_project/telegram-analysis-back/public/telegram_20.madeline/safe.php.lock...
SessionPaths:   	Got exclusive lock of /home/amirhossein/Desktop/myProjects/karshenasi_project/telegram-analysis-back/public/telegram_20.madeline/safe.php.lock...
SessionPaths:   	Waiting for exclusive lock of /home/amirhossein/Desktop/myProjects/karshenasi_project/telegram-analysis-back/public/telegram_20.madeline/lightState.php.lock...
SessionPaths:   	Got exclusive lock of /home/amirhossein/Desktop/myProjects/karshenasi_project/telegram-analysis-back/public/telegram_20.madeline/lightState.php.lock...
APIWrapper:     	Saved session!
SessionPaths:   	Waiting for exclusive lock of /home/amirhossein/Desktop/myProjects/karshenasi_project/telegram-analysis-back/public/telegram_20.madeline/safe.php.lock...
SessionPaths:   	Got exclusive lock of /home/amirhossein/Desktop/myProjects/karshenasi_project/telegram-analysis-back/public/telegram_20.madeline/safe.php.lock...
SessionPaths:   	Waiting for exclusive lock of /home/amirhossein/Desktop/myProjects/karshenasi_project/telegram-analysis-back/public/telegram_20.madeline/lightState.php.lock...
SessionPaths:   	Got exclusive lock of /home/amirhossein/Desktop/myProjects/karshenasi_project/telegram-analysis-back/public/telegram_20.madeline/lightState.php.lock...
APIWrapper:     	Saved session!
SessionPaths:   	Waiting for exclusive lock of /home/amirhossein/Desktop/myProjects/karshenasi_project/telegram-analysis-back/public/telegram_20.madeline/safe.php.lock...
SessionPaths:   	Got exclusive lock of /home/amirhossein/Desktop/myProjects/karshenasi_project/telegram-analysis-back/public/telegram_20.madeline/safe.php.lock...
SessionPaths:   	Waiting for exclusive lock of /home/amirhossein/Desktop/myProjects/karshenasi_project/telegram-analysis-back/public/telegram_20.madeline/lightState.php.lock...
SessionPaths:   	Got exclusive lock of /home/amirhossein/Desktop/myProjects/karshenasi_project/telegram-analysis-back/public/telegram_20.madeline/lightState.php.lock...
APIWrapper:     	Saved session!
SessionPaths:   	Waiting for exclusive lock of /home/amirhossein/Desktop/myProjects/karshenasi_project/telegram-analysis-back/public/telegram_20.madeline/safe.php.lock...
SessionPaths:   	Got exclusive lock of /home/amirhossein/Desktop/myProjects/karshenasi_project/telegram-analysis-back/public/telegram_20.madeline/safe.php.lock...
SessionPaths:   	Waiting for exclusive lock of /home/amirhossein/Desktop/myProjects/karshenasi_project/telegram-analysis-back/public/telegram_20.madeline/lightState.php.lock...
SessionPaths:   	Got exclusive lock of /home/amirhossein/Desktop/myProjects/karshenasi_project/telegram-analysis-back/public/telegram_20.madeline/lightState.php.lock...
APIWrapper:     	Saved session!
SessionPaths:   	Waiting for exclusive lock of /home/amirhossein/Desktop/myProjects/karshenasi_project/telegram-analysis-back/public/telegram_20.madeline/safe.php.lock...
SessionPaths:   	Got exclusive lock of /home/amirhossein/Desktop/myProjects/karshenasi_project/telegram-analysis-back/public/telegram_20.madeline/safe.php.lock...
SessionPaths:   	Waiting for exclusive lock of /home/amirhossein/Desktop/myProjects/karshenasi_project/telegram-analysis-back/public/telegram_20.madeline/lightState.php.lock...
SessionPaths:   	Got exclusive lock of /home/amirhossein/Desktop/myProjects/karshenasi_project/telegram-analysis-back/public/telegram_20.madeline/lightState.php.lock...
APIWrapper:     	Saved session!
SessionPaths:   	Waiting for exclusive lock of /home/amirhossein/Desktop/myProjects/karshenasi_project/telegram-analysis-back/public/telegram_20.madeline/safe.php.lock...
SessionPaths:   	Got exclusive lock of /home/amirhossein/Desktop/myProjects/karshenasi_project/telegram-analysis-back/public/telegram_20.madeline/safe.php.lock...
SessionPaths:   	Waiting for exclusive lock of /home/amirhossein/Desktop/myProjects/karshenasi_project/telegram-analysis-back/public/telegram_20.madeline/lightState.php.lock...
SessionPaths:   	Got exclusive lock of /home/amirhossein/Desktop/myProjects/karshenasi_project/telegram-analysis-back/public/telegram_20.madeline/lightState.php.lock...
APIWrapper:     	Saved session!
SessionPaths:   	Waiting for exclusive lock of /home/amirhossein/Desktop/myProjects/karshenasi_project/telegram-analysis-back/public/telegram_20.madeline/safe.php.lock...
SessionPaths:   	Got exclusive lock of /home/amirhossein/Desktop/myProjects/karshenasi_project/telegram-analysis-back/public/telegram_20.madeline/safe.php.lock...
SessionPaths:   	Waiting for exclusive lock of /home/amirhossein/Desktop/myProjects/karshenasi_project/telegram-analysis-back/public/telegram_20.madeline/lightState.php.lock...
SessionPaths:   	Got exclusive lock of /home/amirhossein/Desktop/myProjects/karshenasi_project/telegram-analysis-back/public/telegram_20.madeline/lightState.php.lock...
APIWrapper:     	Saved session!
SessionPaths:   	Waiting for exclusive lock of /home/amirhossein/Desktop/myProjects/karshenasi_project/telegram-analysis-back/public/telegram_20.madeline/safe.php.lock...
SessionPaths:   	Got exclusive lock of /home/amirhossein/Desktop/myProjects/karshenasi_project/telegram-analysis-back/public/telegram_20.madeline/safe.php.lock...
SessionPaths:   	Waiting for exclusive lock of /home/amirhossein/Desktop/myProjects/karshenasi_project/telegram-analysis-back/public/telegram_20.madeline/lightState.php.lock...
SessionPaths:   	Got exclusive lock of /home/amirhossein/Desktop/myProjects/karshenasi_project/telegram-analysis-back/public/telegram_20.madeline/lightState.php.lock...
APIWrapper:     	Saved session!
SessionPaths:   	Waiting for exclusive lock of /home/amirhossein/Desktop/myProjects/karshenasi_project/telegram-analysis-back/public/telegram_20.madeline/safe.php.lock...
SessionPaths:   	Got exclusive lock of /home/amirhossein/Desktop/myProjects/karshenasi_project/telegram-analysis-back/public/telegram_20.madeline/safe.php.lock...
SessionPaths:   	Waiting for exclusive lock of /home/amirhossein/Desktop/myProjects/karshenasi_project/telegram-analysis-back/public/telegram_20.madeline/lightState.php.lock...
SessionPaths:   	Got exclusive lock of /home/amirhossein/Desktop/myProjects/karshenasi_project/telegram-analysis-back/public/telegram_20.madeline/lightState.php.lock...
APIWrapper:     	Saved session!
SessionPaths:   	Waiting for exclusive lock of /home/amirhossein/Desktop/myProjects/karshenasi_project/telegram-analysis-back/public/telegram_20.madeline/safe.php.lock...
SessionPaths:   	Got exclusive lock of /home/amirhossein/Desktop/myProjects/karshenasi_project/telegram-analysis-back/public/telegram_20.madeline/safe.php.lock...
SessionPaths:   	Waiting for exclusive lock of /home/amirhossein/Desktop/myProjects/karshenasi_project/telegram-analysis-back/public/telegram_20.madeline/lightState.php.lock...
SessionPaths:   	Got exclusive lock of /home/amirhossein/Desktop/myProjects/karshenasi_project/telegram-analysis-back/public/telegram_20.madeline/lightState.php.lock...
APIWrapper:     	Saved session!
SessionPaths:   	Waiting for exclusive lock of /home/amirhossein/Desktop/myProjects/karshenasi_project/telegram-analysis-back/public/telegram_20.madeline/safe.php.lock...
SessionPaths:   	Got exclusive lock of /home/amirhossein/Desktop/myProjects/karshenasi_project/telegram-analysis-back/public/telegram_20.madeline/safe.php.lock...
SessionPaths:   	Waiting for exclusive lock of /home/amirhossein/Desktop/myProjects/karshenasi_project/telegram-analysis-back/public/telegram_20.madeline/lightState.php.lock...
SessionPaths:   	Got exclusive lock of /home/amirhossein/Desktop/myProjects/karshenasi_project/telegram-analysis-back/public/telegram_20.madeline/lightState.php.lock...
APIWrapper:     	Saved session!
SessionPaths:   	Waiting for exclusive lock of /home/amirhossein/Desktop/myProjects/karshenasi_project/telegram-analysis-back/public/telegram_20.madeline/safe.php.lock...
SessionPaths:   	Got exclusive lock of /home/amirhossein/Desktop/myProjects/karshenasi_project/telegram-analysis-back/public/telegram_20.madeline/safe.php.lock...
SessionPaths:   	Waiting for exclusive lock of /home/amirhossein/Desktop/myProjects/karshenasi_project/telegram-analysis-back/public/telegram_20.madeline/lightState.php.lock...
SessionPaths:   	Got exclusive lock of /home/amirhossein/Desktop/myProjects/karshenasi_project/telegram-analysis-back/public/telegram_20.madeline/lightState.php.lock...
APIWrapper:     	Saved session!
SessionPaths:   	Waiting for exclusive lock of /home/amirhossein/Desktop/myProjects/karshenasi_project/telegram-analysis-back/public/telegram_20.madeline/safe.php.lock...
SessionPaths:   	Got exclusive lock of /home/amirhossein/Desktop/myProjects/karshenasi_project/telegram-analysis-back/public/telegram_20.madeline/safe.php.lock...
SessionPaths:   	Waiting for exclusive lock of /home/amirhossein/Desktop/myProjects/karshenasi_project/telegram-analysis-back/public/telegram_20.madeline/lightState.php.lock...
SessionPaths:   	Got exclusive lock of /home/amirhossein/Desktop/myProjects/karshenasi_project/telegram-analysis-back/public/telegram_20.madeline/lightState.php.lock...
APIWrapper:     	Saved session!
SessionPaths:   	Waiting for exclusive lock of /home/amirhossein/Desktop/myProjects/karshenasi_project/telegram-analysis-back/public/telegram_20.madeline/safe.php.lock...
SessionPaths:   	Got exclusive lock of /home/amirhossein/Desktop/myProjects/karshenasi_project/telegram-analysis-back/public/telegram_20.madeline/safe.php.lock...
SessionPaths:   	Waiting for exclusive lock of /home/amirhossein/Desktop/myProjects/karshenasi_project/telegram-analysis-back/public/telegram_20.madeline/lightState.php.lock...
SessionPaths:   	Got exclusive lock of /home/amirhossein/Desktop/myProjects/karshenasi_project/telegram-analysis-back/public/telegram_20.madeline/lightState.php.lock...
APIWrapper:     	Saved session!
SessionPaths:   	Waiting for exclusive lock of /home/amirhossein/Desktop/myProjects/karshenasi_project/telegram-analysis-back/public/telegram_20.madeline/safe.php.lock...
SessionPaths:   	Got exclusive lock of /home/amirhossein/Desktop/myProjects/karshenasi_project/telegram-analysis-back/public/telegram_20.madeline/safe.php.lock...
SessionPaths:   	Waiting for exclusive lock of /home/amirhossein/Desktop/myProjects/karshenasi_project/telegram-analysis-back/public/telegram_20.madeline/lightState.php.lock...
SessionPaths:   	Got exclusive lock of /home/amirhossein/Desktop/myProjects/karshenasi_project/telegram-analysis-back/public/telegram_20.madeline/lightState.php.lock...
APIWrapper:     	Saved session!
SessionPaths:   	Waiting for exclusive lock of /home/amirhossein/Desktop/myProjects/karshenasi_project/telegram-analysis-back/public/telegram_20.madeline/safe.php.lock...
SessionPaths:   	Got exclusive lock of /home/amirhossein/Desktop/myProjects/karshenasi_project/telegram-analysis-back/public/telegram_20.madeline/safe.php.lock...
SessionPaths:   	Waiting for exclusive lock of /home/amirhossein/Desktop/myProjects/karshenasi_project/telegram-analysis-back/public/telegram_20.madeline/lightState.php.lock...
SessionPaths:   	Got exclusive lock of /home/amirhossein/Desktop/myProjects/karshenasi_project/telegram-analysis-back/public/telegram_20.madeline/lightState.php.lock...
APIWrapper:     	Saved session!
SessionPaths:   	Waiting for exclusive lock of /home/amirhossein/Desktop/myProjects/karshenasi_project/telegram-analysis-back/public/telegram_20.madeline/safe.php.lock...
SessionPaths:   	Got exclusive lock of /home/amirhossein/Desktop/myProjects/karshenasi_project/telegram-analysis-back/public/telegram_20.madeline/safe.php.lock...
SessionPaths:   	Waiting for exclusive lock of /home/amirhossein/Desktop/myProjects/karshenasi_project/telegram-analysis-back/public/telegram_20.madeline/lightState.php.lock...
SessionPaths:   	Got exclusive lock of /home/amirhossein/Desktop/myProjects/karshenasi_project/telegram-analysis-back/public/telegram_20.madeline/lightState.php.lock...
APIWrapper:     	Saved session!
SessionPaths:   	Waiting for exclusive lock of /home/amirhossein/Desktop/myProjects/karshenasi_project/telegram-analysis-back/public/telegram_20.madeline/safe.php.lock...
SessionPaths:   	Got exclusive lock of /home/amirhossein/Desktop/myProjects/karshenasi_project/telegram-analysis-back/public/telegram_20.madeline/safe.php.lock...
SessionPaths:   	Waiting for exclusive lock of /home/amirhossein/Desktop/myProjects/karshenasi_project/telegram-analysis-back/public/telegram_20.madeline/lightState.php.lock...
SessionPaths:   	Got exclusive lock of /home/amirhossein/Desktop/myProjects/karshenasi_project/telegram-analysis-back/public/telegram_20.madeline/lightState.php.lock...
APIWrapper:     	Saved session!
SessionPaths:   	Waiting for exclusive lock of /home/amirhossein/Desktop/myProjects/karshenasi_project/telegram-analysis-back/public/telegram_20.madeline/safe.php.lock...
SessionPaths:   	Got exclusive lock of /home/amirhossein/Desktop/myProjects/karshenasi_project/telegram-analysis-back/public/telegram_20.madeline/safe.php.lock...
SessionPaths:   	Waiting for exclusive lock of /home/amirhossein/Desktop/myProjects/karshenasi_project/telegram-analysis-back/public/telegram_20.madeline/lightState.php.lock...
SessionPaths:   	Got exclusive lock of /home/amirhossein/Desktop/myProjects/karshenasi_project/telegram-analysis-back/public/telegram_20.madeline/lightState.php.lock...
APIWrapper:     	Saved session!
SessionPaths:   	Waiting for exclusive lock of /home/amirhossein/Desktop/myProjects/karshenasi_project/telegram-analysis-back/public/telegram_20.madeline/safe.php.lock...
SessionPaths:   	Got exclusive lock of /home/amirhossein/Desktop/myProjects/karshenasi_project/telegram-analysis-back/public/telegram_20.madeline/safe.php.lock...
SessionPaths:   	Waiting for exclusive lock of /home/amirhossein/Desktop/myProjects/karshenasi_project/telegram-analysis-back/public/telegram_20.madeline/lightState.php.lock...
SessionPaths:   	Got exclusive lock of /home/amirhossein/Desktop/myProjects/karshenasi_project/telegram-analysis-back/public/telegram_20.madeline/lightState.php.lock...
APIWrapper:     	Saved session!
SessionPaths:   	Waiting for exclusive lock of /home/amirhossein/Desktop/myProjects/karshenasi_project/telegram-analysis-back/public/telegram_20.madeline/safe.php.lock...
SessionPaths:   	Got exclusive lock of /home/amirhossein/Desktop/myProjects/karshenasi_project/telegram-analysis-back/public/telegram_20.madeline/safe.php.lock...
SessionPaths:   	Waiting for exclusive lock of /home/amirhossein/Desktop/myProjects/karshenasi_project/telegram-analysis-back/public/telegram_20.madeline/lightState.php.lock...
SessionPaths:   	Got exclusive lock of /home/amirhossein/Desktop/myProjects/karshenasi_project/telegram-analysis-back/public/telegram_20.madeline/lightState.php.lock...
APIWrapper:     	Saved session!
SessionPaths:   	Waiting for exclusive lock of /home/amirhossein/Desktop/myProjects/karshenasi_project/telegram-analysis-back/public/telegram_20.madeline/safe.php.lock...
SessionPaths:   	Got exclusive lock of /home/amirhossein/Desktop/myProjects/karshenasi_project/telegram-analysis-back/public/telegram_20.madeline/safe.php.lock...
SessionPaths:   	Waiting for exclusive lock of /home/amirhossein/Desktop/myProjects/karshenasi_project/telegram-analysis-back/public/telegram_20.madeline/lightState.php.lock...
SessionPaths:   	Got exclusive lock of /home/amirhossein/Desktop/myProjects/karshenasi_project/telegram-analysis-back/public/telegram_20.madeline/lightState.php.lock...
APIWrapper:     	Saved session!
SessionPaths:   	Waiting for exclusive lock of /home/amirhossein/Desktop/myProjects/karshenasi_project/telegram-analysis-back/public/telegram_20.madeline/safe.php.lock...
SessionPaths:   	Got exclusive lock of /home/amirhossein/Desktop/myProjects/karshenasi_project/telegram-analysis-back/public/telegram_20.madeline/safe.php.lock...
SessionPaths:   	Waiting for exclusive lock of /home/amirhossein/Desktop/myProjects/karshenasi_project/telegram-analysis-back/public/telegram_20.madeline/lightState.php.lock...
SessionPaths:   	Got exclusive lock of /home/amirhossein/Desktop/myProjects/karshenasi_project/telegram-analysis-back/public/telegram_20.madeline/lightState.php.lock...
APIWrapper:     	Saved session!
SessionPaths:   	Waiting for exclusive lock of /home/amirhossein/Desktop/myProjects/karshenasi_project/telegram-analysis-back/public/telegram_20.madeline/safe.php.lock...
SessionPaths:   	Got exclusive lock of /home/amirhossein/Desktop/myProjects/karshenasi_project/telegram-analysis-back/public/telegram_20.madeline/safe.php.lock...
SessionPaths:   	Waiting for exclusive lock of /home/amirhossein/Desktop/myProjects/karshenasi_project/telegram-analysis-back/public/telegram_20.madeline/lightState.php.lock...
SessionPaths:   	Got exclusive lock of /home/amirhossein/Desktop/myProjects/karshenasi_project/telegram-analysis-back/public/telegram_20.madeline/lightState.php.lock...
APIWrapper:     	Saved session!
SessionPaths:   	Waiting for exclusive lock of /home/amirhossein/Desktop/myProjects/karshenasi_project/telegram-analysis-back/public/telegram_20.madeline/safe.php.lock...
SessionPaths:   	Got exclusive lock of /home/amirhossein/Desktop/myProjects/karshenasi_project/telegram-analysis-back/public/telegram_20.madeline/safe.php.lock...
SessionPaths:   	Waiting for exclusive lock of /home/amirhossein/Desktop/myProjects/karshenasi_project/telegram-analysis-back/public/telegram_20.madeline/lightState.php.lock...
SessionPaths:   	Got exclusive lock of /home/amirhossein/Desktop/myProjects/karshenasi_project/telegram-analysis-back/public/telegram_20.madeline/lightState.php.lock...
APIWrapper:     	Saved session!
SessionPaths:   	Waiting for exclusive lock of /home/amirhossein/Desktop/myProjects/karshenasi_project/telegram-analysis-back/public/telegram_20.madeline/safe.php.lock...
SessionPaths:   	Got exclusive lock of /home/amirhossein/Desktop/myProjects/karshenasi_project/telegram-analysis-back/public/telegram_20.madeline/safe.php.lock...
SessionPaths:   	Waiting for exclusive lock of /home/amirhossein/Desktop/myProjects/karshenasi_project/telegram-analysis-back/public/telegram_20.madeline/lightState.php.lock...
SessionPaths:   	Got exclusive lock of /home/amirhossein/Desktop/myProjects/karshenasi_project/telegram-analysis-back/public/telegram_20.madeline/lightState.php.lock...
APIWrapper:     	Saved session!
SessionPaths:   	Waiting for exclusive lock of /home/amirhossein/Desktop/myProjects/karshenasi_project/telegram-analysis-back/public/telegram_20.madeline/safe.php.lock...
SessionPaths:   	Got exclusive lock of /home/amirhossein/Desktop/myProjects/karshenasi_project/telegram-analysis-back/public/telegram_20.madeline/safe.php.lock...
SessionPaths:   	Waiting for exclusive lock of /home/amirhossein/Desktop/myProjects/karshenasi_project/telegram-analysis-back/public/telegram_20.madeline/lightState.php.lock...
SessionPaths:   	Got exclusive lock of /home/amirhossein/Desktop/myProjects/karshenasi_project/telegram-analysis-back/public/telegram_20.madeline/lightState.php.lock...
APIWrapper:     	Saved session!
SessionPaths:   	Waiting for exclusive lock of /home/amirhossein/Desktop/myProjects/karshenasi_project/telegram-analysis-back/public/telegram_20.madeline/safe.php.lock...
SessionPaths:   	Got exclusive lock of /home/amirhossein/Desktop/myProjects/karshenasi_project/telegram-analysis-back/public/telegram_20.madeline/safe.php.lock...
SessionPaths:   	Waiting for exclusive lock of /home/amirhossein/Desktop/myProjects/karshenasi_project/telegram-analysis-back/public/telegram_20.madeline/lightState.php.lock...
SessionPaths:   	Got exclusive lock of /home/amirhossein/Desktop/myProjects/karshenasi_project/telegram-analysis-back/public/telegram_20.madeline/lightState.php.lock...
APIWrapper:     	Saved session!
SessionPaths:   	Waiting for exclusive lock of /home/amirhossein/Desktop/myProjects/karshenasi_project/telegram-analysis-back/public/telegram_20.madeline/safe.php.lock...
SessionPaths:   	Got exclusive lock of /home/amirhossein/Desktop/myProjects/karshenasi_project/telegram-analysis-back/public/telegram_20.madeline/safe.php.lock...
SessionPaths:   	Waiting for exclusive lock of /home/amirhossein/Desktop/myProjects/karshenasi_project/telegram-analysis-back/public/telegram_20.madeline/lightState.php.lock...
SessionPaths:   	Got exclusive lock of /home/amirhossein/Desktop/myProjects/karshenasi_project/telegram-analysis-back/public/telegram_20.madeline/lightState.php.lock...
APIWrapper:     	Saved session!
SessionPaths:   	Waiting for exclusive lock of /home/amirhossein/Desktop/myProjects/karshenasi_project/telegram-analysis-back/public/telegram_20.madeline/safe.php.lock...
SessionPaths:   	Got exclusive lock of /home/amirhossein/Desktop/myProjects/karshenasi_project/telegram-analysis-back/public/telegram_20.madeline/safe.php.lock...
SessionPaths:   	Waiting for exclusive lock of /home/amirhossein/Desktop/myProjects/karshenasi_project/telegram-analysis-back/public/telegram_20.madeline/lightState.php.lock...
SessionPaths:   	Got exclusive lock of /home/amirhossein/Desktop/myProjects/karshenasi_project/telegram-analysis-back/public/telegram_20.madeline/lightState.php.lock...
APIWrapper:     	Saved session!
SessionPaths:   	Waiting for exclusive lock of /home/amirhossein/Desktop/myProjects/karshenasi_project/telegram-analysis-back/public/telegram_20.madeline/safe.php.lock...
SessionPaths:   	Got exclusive lock of /home/amirhossein/Desktop/myProjects/karshenasi_project/telegram-analysis-back/public/telegram_20.madeline/safe.php.lock...
SessionPaths:   	Waiting for exclusive lock of /home/amirhossein/Desktop/myProjects/karshenasi_project/telegram-analysis-back/public/telegram_20.madeline/lightState.php.lock...
SessionPaths:   	Got exclusive lock of /home/amirhossein/Desktop/myProjects/karshenasi_project/telegram-analysis-back/public/telegram_20.madeline/lightState.php.lock...
APIWrapper:     	Saved session!
SessionPaths:   	Waiting for exclusive lock of /home/amirhossein/Desktop/myProjects/karshenasi_project/telegram-analysis-back/public/telegram_20.madeline/safe.php.lock...
SessionPaths:   	Got exclusive lock of /home/amirhossein/Desktop/myProjects/karshenasi_project/telegram-analysis-back/public/telegram_20.madeline/safe.php.lock...
SessionPaths:   	Waiting for exclusive lock of /home/amirhossein/Desktop/myProjects/karshenasi_project/telegram-analysis-back/public/telegram_20.madeline/lightState.php.lock...
SessionPaths:   	Got exclusive lock of /home/amirhossein/Desktop/myProjects/karshenasi_project/telegram-analysis-back/public/telegram_20.madeline/lightState.php.lock...
APIWrapper:     	Saved session!
SessionPaths:   	Waiting for exclusive lock of /home/amirhossein/Desktop/myProjects/karshenasi_project/telegram-analysis-back/public/telegram_20.madeline/safe.php.lock...
SessionPaths:   	Got exclusive lock of /home/amirhossein/Desktop/myProjects/karshenasi_project/telegram-analysis-back/public/telegram_20.madeline/safe.php.lock...
SessionPaths:   	Waiting for exclusive lock of /home/amirhossein/Desktop/myProjects/karshenasi_project/telegram-analysis-back/public/telegram_20.madeline/lightState.php.lock...
SessionPaths:   	Got exclusive lock of /home/amirhossein/Desktop/myProjects/karshenasi_project/telegram-analysis-back/public/telegram_20.madeline/lightState.php.lock...
APIWrapper:     	Saved session!
SessionPaths:   	Waiting for exclusive lock of /home/amirhossein/Desktop/myProjects/karshenasi_project/telegram-analysis-back/public/telegram_20.madeline/safe.php.lock...
SessionPaths:   	Got exclusive lock of /home/amirhossein/Desktop/myProjects/karshenasi_project/telegram-analysis-back/public/telegram_20.madeline/safe.php.lock...
SessionPaths:   	Waiting for exclusive lock of /home/amirhossein/Desktop/myProjects/karshenasi_project/telegram-analysis-back/public/telegram_20.madeline/lightState.php.lock...
SessionPaths:   	Got exclusive lock of /home/amirhossein/Desktop/myProjects/karshenasi_project/telegram-analysis-back/public/telegram_20.madeline/lightState.php.lock...
APIWrapper:     	Saved session!
SessionPaths:   	Waiting for exclusive lock of /home/amirhossein/Desktop/myProjects/karshenasi_project/telegram-analysis-back/public/telegram_20.madeline/safe.php.lock...
SessionPaths:   	Got exclusive lock of /home/amirhossein/Desktop/myProjects/karshenasi_project/telegram-analysis-back/public/telegram_20.madeline/safe.php.lock...
SessionPaths:   	Waiting for exclusive lock of /home/amirhossein/Desktop/myProjects/karshenasi_project/telegram-analysis-back/public/telegram_20.madeline/lightState.php.lock...
SessionPaths:   	Got exclusive lock of /home/amirhossein/Desktop/myProjects/karshenasi_project/telegram-analysis-back/public/telegram_20.madeline/lightState.php.lock...
APIWrapper:     	Saved session!
SessionPaths:   	Waiting for exclusive lock of /home/amirhossein/Desktop/myProjects/karshenasi_project/telegram-analysis-back/public/telegram_20.madeline/safe.php.lock...
SessionPaths:   	Got exclusive lock of /home/amirhossein/Desktop/myProjects/karshenasi_project/telegram-analysis-back/public/telegram_20.madeline/safe.php.lock...
SessionPaths:   	Waiting for exclusive lock of /home/amirhossein/Desktop/myProjects/karshenasi_project/telegram-analysis-back/public/telegram_20.madeline/lightState.php.lock...
SessionPaths:   	Got exclusive lock of /home/amirhossein/Desktop/myProjects/karshenasi_project/telegram-analysis-back/public/telegram_20.madeline/lightState.php.lock...
APIWrapper:     	Saved session!
SessionPaths:   	Waiting for exclusive lock of /home/amirhossein/Desktop/myProjects/karshenasi_project/telegram-analysis-back/public/telegram_20.madeline/safe.php.lock...
SessionPaths:   	Got exclusive lock of /home/amirhossein/Desktop/myProjects/karshenasi_project/telegram-analysis-back/public/telegram_20.madeline/safe.php.lock...
SessionPaths:   	Waiting for exclusive lock of /home/amirhossein/Desktop/myProjects/karshenasi_project/telegram-analysis-back/public/telegram_20.madeline/lightState.php.lock...
SessionPaths:   	Got exclusive lock of /home/amirhossein/Desktop/myProjects/karshenasi_project/telegram-analysis-back/public/telegram_20.madeline/lightState.php.lock...
APIWrapper:     	Saved session!
SessionPaths:   	Waiting for exclusive lock of /home/amirhossein/Desktop/myProjects/karshenasi_project/telegram-analysis-back/public/telegram_20.madeline/safe.php.lock...
SessionPaths:   	Got exclusive lock of /home/amirhossein/Desktop/myProjects/karshenasi_project/telegram-analysis-back/public/telegram_20.madeline/safe.php.lock...
SessionPaths:   	Waiting for exclusive lock of /home/amirhossein/Desktop/myProjects/karshenasi_project/telegram-analysis-back/public/telegram_20.madeline/lightState.php.lock...
SessionPaths:   	Got exclusive lock of /home/amirhossein/Desktop/myProjects/karshenasi_project/telegram-analysis-back/public/telegram_20.madeline/lightState.php.lock...
APIWrapper:     	Saved session!
SessionPaths:   	Waiting for exclusive lock of /home/amirhossein/Desktop/myProjects/karshenasi_project/telegram-analysis-back/public/telegram_20.madeline/safe.php.lock...
SessionPaths:   	Got exclusive lock of /home/amirhossein/Desktop/myProjects/karshenasi_project/telegram-analysis-back/public/telegram_20.madeline/safe.php.lock...
SessionPaths:   	Waiting for exclusive lock of /home/amirhossein/Desktop/myProjects/karshenasi_project/telegram-analysis-back/public/telegram_20.madeline/lightState.php.lock...
SessionPaths:   	Got exclusive lock of /home/amirhossein/Desktop/myProjects/karshenasi_project/telegram-analysis-back/public/telegram_20.madeline/lightState.php.lock...
APIWrapper:     	Saved session!
SessionPaths:   	Waiting for exclusive lock of /home/amirhossein/Desktop/myProjects/karshenasi_project/telegram-analysis-back/public/telegram_20.madeline/safe.php.lock...
SessionPaths:   	Got exclusive lock of /home/amirhossein/Desktop/myProjects/karshenasi_project/telegram-analysis-back/public/telegram_20.madeline/safe.php.lock...
SessionPaths:   	Waiting for exclusive lock of /home/amirhossein/Desktop/myProjects/karshenasi_project/telegram-analysis-back/public/telegram_20.madeline/lightState.php.lock...
SessionPaths:   	Got exclusive lock of /home/amirhossein/Desktop/myProjects/karshenasi_project/telegram-analysis-back/public/telegram_20.madeline/lightState.php.lock...
APIWrapper:     	Saved session!
SessionPaths:   	Waiting for exclusive lock of /home/amirhossein/Desktop/myProjects/karshenasi_project/telegram-analysis-back/public/telegram_20.madeline/safe.php.lock...
SessionPaths:   	Got exclusive lock of /home/amirhossein/Desktop/myProjects/karshenasi_project/telegram-analysis-back/public/telegram_20.madeline/safe.php.lock...
SessionPaths:   	Waiting for exclusive lock of /home/amirhossein/Desktop/myProjects/karshenasi_project/telegram-analysis-back/public/telegram_20.madeline/lightState.php.lock...
SessionPaths:   	Got exclusive lock of /home/amirhossein/Desktop/myProjects/karshenasi_project/telegram-analysis-back/public/telegram_20.madeline/lightState.php.lock...
APIWrapper:     	Saved session!
SessionPaths:   	Waiting for exclusive lock of /home/amirhossein/Desktop/myProjects/karshenasi_project/telegram-analysis-back/public/telegram_20.madeline/safe.php.lock...
SessionPaths:   	Got exclusive lock of /home/amirhossein/Desktop/myProjects/karshenasi_project/telegram-analysis-back/public/telegram_20.madeline/safe.php.lock...
SessionPaths:   	Waiting for exclusive lock of /home/amirhossein/Desktop/myProjects/karshenasi_project/telegram-analysis-back/public/telegram_20.madeline/lightState.php.lock...
SessionPaths:   	Got exclusive lock of /home/amirhossein/Desktop/myProjects/karshenasi_project/telegram-analysis-back/public/telegram_20.madeline/lightState.php.lock...
APIWrapper:     	Saved session!
SessionPaths:   	Waiting for exclusive lock of /home/amirhossein/Desktop/myProjects/karshenasi_project/telegram-analysis-back/public/telegram_20.madeline/safe.php.lock...
SessionPaths:   	Got exclusive lock of /home/amirhossein/Desktop/myProjects/karshenasi_project/telegram-analysis-back/public/telegram_20.madeline/safe.php.lock...
SessionPaths:   	Waiting for exclusive lock of /home/amirhossein/Desktop/myProjects/karshenasi_project/telegram-analysis-back/public/telegram_20.madeline/lightState.php.lock...
SessionPaths:   	Got exclusive lock of /home/amirhossein/Desktop/myProjects/karshenasi_project/telegram-analysis-back/public/telegram_20.madeline/lightState.php.lock...
APIWrapper:     	Saved session!
SessionPaths:   	Waiting for exclusive lock of /home/amirhossein/Desktop/myProjects/karshenasi_project/telegram-analysis-back/public/telegram_20.madeline/safe.php.lock...
SessionPaths:   	Got exclusive lock of /home/amirhossein/Desktop/myProjects/karshenasi_project/telegram-analysis-back/public/telegram_20.madeline/safe.php.lock...
SessionPaths:   	Waiting for exclusive lock of /home/amirhossein/Desktop/myProjects/karshenasi_project/telegram-analysis-back/public/telegram_20.madeline/lightState.php.lock...
SessionPaths:   	Got exclusive lock of /home/amirhossein/Desktop/myProjects/karshenasi_project/telegram-analysis-back/public/telegram_20.madeline/lightState.php.lock...
APIWrapper:     	Saved session!
SessionPaths:   	Waiting for exclusive lock of /home/amirhossein/Desktop/myProjects/karshenasi_project/telegram-analysis-back/public/telegram_20.madeline/safe.php.lock...
SessionPaths:   	Got exclusive lock of /home/amirhossein/Desktop/myProjects/karshenasi_project/telegram-analysis-back/public/telegram_20.madeline/safe.php.lock...
SessionPaths:   	Waiting for exclusive lock of /home/amirhossein/Desktop/myProjects/karshenasi_project/telegram-analysis-back/public/telegram_20.madeline/lightState.php.lock...
SessionPaths:   	Got exclusive lock of /home/amirhossein/Desktop/myProjects/karshenasi_project/telegram-analysis-back/public/telegram_20.madeline/lightState.php.lock...
APIWrapper:     	Saved session!
SessionPaths:   	Waiting for exclusive lock of /home/amirhossein/Desktop/myProjects/karshenasi_project/telegram-analysis-back/public/telegram_20.madeline/safe.php.lock...
SessionPaths:   	Got exclusive lock of /home/amirhossein/Desktop/myProjects/karshenasi_project/telegram-analysis-back/public/telegram_20.madeline/safe.php.lock...
SessionPaths:   	Waiting for exclusive lock of /home/amirhossein/Desktop/myProjects/karshenasi_project/telegram-analysis-back/public/telegram_20.madeline/lightState.php.lock...
SessionPaths:   	Got exclusive lock of /home/amirhossein/Desktop/myProjects/karshenasi_project/telegram-analysis-back/public/telegram_20.madeline/lightState.php.lock...
APIWrapper:     	Saved session!
SessionPaths:   	Waiting for exclusive lock of /home/amirhossein/Desktop/myProjects/karshenasi_project/telegram-analysis-back/public/telegram_20.madeline/safe.php.lock...
SessionPaths:   	Got exclusive lock of /home/amirhossein/Desktop/myProjects/karshenasi_project/telegram-analysis-back/public/telegram_20.madeline/safe.php.lock...
SessionPaths:   	Waiting for exclusive lock of /home/amirhossein/Desktop/myProjects/karshenasi_project/telegram-analysis-back/public/telegram_20.madeline/lightState.php.lock...
SessionPaths:   	Got exclusive lock of /home/amirhossein/Desktop/myProjects/karshenasi_project/telegram-analysis-back/public/telegram_20.madeline/lightState.php.lock...
APIWrapper:     	Saved session!
SessionPaths:   	Waiting for exclusive lock of /home/amirhossein/Desktop/myProjects/karshenasi_project/telegram-analysis-back/public/telegram_20.madeline/safe.php.lock...
SessionPaths:   	Got exclusive lock of /home/amirhossein/Desktop/myProjects/karshenasi_project/telegram-analysis-back/public/telegram_20.madeline/safe.php.lock...
SessionPaths:   	Waiting for exclusive lock of /home/amirhossein/Desktop/myProjects/karshenasi_project/telegram-analysis-back/public/telegram_20.madeline/lightState.php.lock...
SessionPaths:   	Got exclusive lock of /home/amirhossein/Desktop/myProjects/karshenasi_project/telegram-analysis-back/public/telegram_20.madeline/lightState.php.lock...
APIWrapper:     	Saved session!
SessionPaths:   	Waiting for exclusive lock of /home/amirhossein/Desktop/myProjects/karshenasi_project/telegram-analysis-back/public/telegram_20.madeline/safe.php.lock...
SessionPaths:   	Got exclusive lock of /home/amirhossein/Desktop/myProjects/karshenasi_project/telegram-analysis-back/public/telegram_20.madeline/safe.php.lock...
SessionPaths:   	Waiting for exclusive lock of /home/amirhossein/Desktop/myProjects/karshenasi_project/telegram-analysis-back/public/telegram_20.madeline/lightState.php.lock...
SessionPaths:   	Got exclusive lock of /home/amirhossein/Desktop/myProjects/karshenasi_project/telegram-analysis-back/public/telegram_20.madeline/lightState.php.lock...
APIWrapper:     	Saved session!
SessionPaths:   	Waiting for exclusive lock of /home/amirhossein/Desktop/myProjects/karshenasi_project/telegram-analysis-back/public/telegram_20.madeline/safe.php.lock...
SessionPaths:   	Got exclusive lock of /home/amirhossein/Desktop/myProjects/karshenasi_project/telegram-analysis-back/public/telegram_20.madeline/safe.php.lock...
SessionPaths:   	Waiting for exclusive lock of /home/amirhossein/Desktop/myProjects/karshenasi_project/telegram-analysis-back/public/telegram_20.madeline/lightState.php.lock...
SessionPaths:   	Got exclusive lock of /home/amirhossein/Desktop/myProjects/karshenasi_project/telegram-analysis-back/public/telegram_20.madeline/lightState.php.lock...
APIWrapper:     	Saved session!
SessionPaths:   	Waiting for exclusive lock of /home/amirhossein/Desktop/myProjects/karshenasi_project/telegram-analysis-back/public/telegram_20.madeline/safe.php.lock...
SessionPaths:   	Got exclusive lock of /home/amirhossein/Desktop/myProjects/karshenasi_project/telegram-analysis-back/public/telegram_20.madeline/safe.php.lock...
SessionPaths:   	Waiting for exclusive lock of /home/amirhossein/Desktop/myProjects/karshenasi_project/telegram-analysis-back/public/telegram_20.madeline/lightState.php.lock...
SessionPaths:   	Got exclusive lock of /home/amirhossein/Desktop/myProjects/karshenasi_project/telegram-analysis-back/public/telegram_20.madeline/lightState.php.lock...
APIWrapper:     	Saved session!
SessionPaths:   	Waiting for exclusive lock of /home/amirhossein/Desktop/myProjects/karshenasi_project/telegram-analysis-back/public/telegram_20.madeline/safe.php.lock...
SessionPaths:   	Got exclusive lock of /home/amirhossein/Desktop/myProjects/karshenasi_project/telegram-analysis-back/public/telegram_20.madeline/safe.php.lock...
SessionPaths:   	Waiting for exclusive lock of /home/amirhossein/Desktop/myProjects/karshenasi_project/telegram-analysis-back/public/telegram_20.madeline/lightState.php.lock...
SessionPaths:   	Got exclusive lock of /home/amirhossein/Desktop/myProjects/karshenasi_project/telegram-analysis-back/public/telegram_20.madeline/lightState.php.lock...
APIWrapper:     	Saved session!
MTProto:        	Prompting final serialization (SHUTDOWN)...
SessionPaths:   	Waiting for exclusive lock of /home/amirhossein/Desktop/myProjects/karshenasi_project/telegram-analysis-back/public/telegram_20.madeline/safe.php.lock...
SessionPaths:   	Got exclusive lock of /home/amirhossein/Desktop/myProjects/karshenasi_project/telegram-analysis-back/public/telegram_20.madeline/safe.php.lock...
SessionPaths:   	Waiting for exclusive lock of /home/amirhossein/Desktop/myProjects/karshenasi_project/telegram-analysis-back/public/telegram_20.madeline/lightState.php.lock...
SessionPaths:   	Got exclusive lock of /home/amirhossein/Desktop/myProjects/karshenasi_project/telegram-analysis-back/public/telegram_20.madeline/lightState.php.lock...
APIWrapper:     	Saved session!
MTProto:        	Done final serialization (SHUTDOWN)!
MTProto:        	Shutting down MadelineProto (MTProto)
MTProto:        	Will unreference instance
DataCenterConnection: 	Disconnecting from shared DC 2
Connection:     	Disconnecting from DC 2.0
DataCenterConnection: 	Backed up  from DC 2.0
Connection:     	Disconnected from DC 2.0
DataCenterConnection: 	Backed up 0, added to 0 existing messages) from DC 2
DataCenterConnection: 	Disconnecting from shared DC 1
Connection:     	Disconnecting from DC 1.0
DataCenterConnection: 	Backed up  from DC 1.0
Connection:     	Disconnected from DC 1.0
DataCenterConnection: 	Backed up 0, added to 0 existing messages) from DC 1
DataCenterConnection: 	Disconnecting from shared DC -2
Connection:     	Disconnecting from DC -2.0
DataCenterConnection: 	Backed up  from DC -2.0
Connection:     	Disconnected from DC -2.0
Connection:     	Disconnecting from DC -2.1
DataCenterConnection: 	Backed up  from DC -2.1
Connection:     	Disconnected from DC -2.1
Connection:     	Disconnecting from DC -2.2
DataCenterConnection: 	Backed up  from DC -2.2
Connection:     	Disconnected from DC -2.2
Connection:     	Disconnecting from DC -2.3
DataCenterConnection: 	Backed up  from DC -2.3
Connection:     	Disconnected from DC -2.3
Connection:     	Disconnecting from DC -2.4
DataCenterConnection: 	Backed up  from DC -2.4
Connection:     	Disconnected from DC -2.4
Connection:     	Disconnecting from DC -2.5
DataCenterConnection: 	Backed up  from DC -2.5
Connection:     	Disconnected from DC -2.5
Connection:     	Disconnecting from DC -2.6
DataCenterConnection: 	Backed up  from DC -2.6
Connection:     	Disconnected from DC -2.6
Connection:     	Disconnecting from DC -2.7
DataCenterConnection: 	Backed up  from DC -2.7
Connection:     	Disconnected from DC -2.7
Connection:     	Disconnecting from DC -2.8
DataCenterConnection: 	Backed up  from DC -2.8
Connection:     	Disconnected from DC -2.8
Connection:     	Disconnecting from DC -2.9
DataCenterConnection: 	Backed up  from DC -2.9
Connection:     	Disconnected from DC -2.9
Connection:     	Disconnecting from DC -2.10
DataCenterConnection: 	Backed up  from DC -2.10
Connection:     	Disconnected from DC -2.10
DataCenterConnection: 	Backed up 0, added to 0 existing messages) from DC -2
DataCenterConnection: 	Disconnecting from shared DC 3
Connection:     	Disconnecting from DC 3.0
DataCenterConnection: 	Backed up  from DC 3.0
Connection:     	Disconnected from DC 3.0
DataCenterConnection: 	Backed up 0, added to 0 existing messages) from DC 3
DataCenterConnection: 	Disconnecting from shared DC 4
Connection:     	Disconnecting from DC 4.0
DataCenterConnection: 	Backed up updates.getChannelDifference, updates.getDifference, updates.getChannelDifference, updates.getChannelDifference, updates.getChannelDifference, updates.getChannelDifference, updates.getChannelDifference,  from DC 4.0
Connection:     	Disconnected from DC 4.0
DataCenterConnection: 	Backed up 7, added to 0 existing messages) from DC 4
DataCenterConnection: 	Disconnecting from shared DC -4
Connection:     	Disconnecting from DC -4.0
DataCenterConnection: 	Backed up  from DC -4.0
Connection:     	Disconnected from DC -4.0
Connection:     	Disconnecting from DC -4.1
DataCenterConnection: 	Backed up  from DC -4.1
Connection:     	Disconnected from DC -4.1
Connection:     	Disconnecting from DC -4.2
DataCenterConnection: 	Backed up  from DC -4.2
Connection:     	Disconnected from DC -4.2
Connection:     	Disconnecting from DC -4.3
DataCenterConnection: 	Backed up  from DC -4.3
Connection:     	Disconnected from DC -4.3
Connection:     	Disconnecting from DC -4.4
DataCenterConnection: 	Backed up  from DC -4.4
Connection:     	Disconnected from DC -4.4
Connection:     	Disconnecting from DC -4.5
DataCenterConnection: 	Backed up  from DC -4.5
Connection:     	Disconnected from DC -4.5
Connection:     	Disconnecting from DC -4.6
DataCenterConnection: 	Backed up  from DC -4.6
Connection:     	Disconnected from DC -4.6
Connection:     	Disconnecting from DC -4.7
DataCenterConnection: 	Backed up  from DC -4.7
Connection:     	Disconnected from DC -4.7
Connection:     	Disconnecting from DC -4.8
DataCenterConnection: 	Backed up  from DC -4.8
Connection:     	Disconnected from DC -4.8
Connection:     	Disconnecting from DC -4.9
DataCenterConnection: 	Backed up  from DC -4.9
Connection:     	Disconnected from DC -4.9
Connection:     	Disconnecting from DC -4.10
DataCenterConnection: 	Backed up  from DC -4.10
Connection:     	Disconnected from DC -4.10
DataCenterConnection: 	Backed up 0, added to 0 existing messages) from DC -4
DataCenterConnection: 	Disconnecting from shared DC 5
Connection:     	Disconnecting from DC 5.0
DataCenterConnection: 	Backed up  from DC 5.0
Connection:     	Disconnected from DC 5.0
DataCenterConnection: 	Backed up 0, added to 0 existing messages) from DC 5
MTProto:        	Unreferenced instance
MTProto:        	Successfully destroyed MadelineProto
